Build started 2016/1/21 23:54:22.
     1>Project "E:\Data\DMRGCat\VisualProject\DMRGCat\DMRGCat\DMRGCat.vcxproj" on node 2 (Build target(s)).
     1>Link:
         C:\Program Files (x86)\Intel\Composer XE 2015\bin\Intel64\xilink.exe /OUT:"E:\Data\DMRGCat\VisualProject\DMRGCat\x64\Debug\DMRGCat.exe" /INCREMENTAL /NOLOGO /LIBPATH:"C:\Program Files (x86)\Visual Leak Detector\lib\Win64" kernel32.lib user32.lib gdi32.lib winspool.lib comdlg32.lib advapi32.lib shell32.lib ole32.lib oleaut32.lib uuid.lib odbc32.lib odbccp32.lib /MANIFEST /MANIFESTUAC:"level='asInvoker' uiAccess='false'" /DEBUG /PDB:"E:\Data\DMRGCat\VisualProject\DMRGCat\x64\Debug\DMRGCat.pdb" /TLBID:1 /DYNAMICBASE /NXCOMPAT /IMPLIB:"E:\Data\DMRGCat\VisualProject\DMRGCat\x64\Debug\DMRGCat.lib" /MACHINE:X64 x64\Debug\Block.obj
         x64\Debug\BlockQBase.obj
         x64\Debug\Conjugate.obj
         x64\Debug\main.obj
         x64\Debug\Parameter.obj
         x64\Debug\QMat.obj
         x64\Debug\QWave.obj
         x64\Debug\SuperBlock.obj
         x64\Debug\U1Q.obj
         xilink: executing 'link'
     1>QMat.obj : error LNK2019: unresolved external symbol sgemv_ referenced in function "void __cdecl arma::blas::gemv<double>(char const *,int const *,int const *,double const *,double const *,int const *,double const *,int const *,double const *,double *,int const *)" (??$gemv@N@blas@arma@@YAXPEBDPEBH1PEBN21212PEAN1@Z)
     1>QMat.obj : error LNK2019: unresolved external symbol dgemv_ referenced in function "void __cdecl arma::blas::gemv<double>(char const *,int const *,int const *,double const *,double const *,int const *,double const *,int const *,double const *,double *,int const *)" (??$gemv@N@blas@arma@@YAXPEBDPEBH1PEBN21212PEAN1@Z)
     1>QMat.obj : error LNK2019: unresolved external symbol cgemv_ referenced in function "void __cdecl arma::blas::gemv<double>(char const *,int const *,int const *,double const *,double const *,int const *,double const *,int const *,double const *,double *,int const *)" (??$gemv@N@blas@arma@@YAXPEBDPEBH1PEBN21212PEAN1@Z)
     1>QMat.obj : error LNK2019: unresolved external symbol zgemv_ referenced in function "void __cdecl arma::blas::gemv<double>(char const *,int const *,int const *,double const *,double const *,int const *,double const *,int const *,double const *,double *,int const *)" (??$gemv@N@blas@arma@@YAXPEBDPEBH1PEBN21212PEAN1@Z)
     1>QMat.obj : error LNK2019: unresolved external symbol sgemm_ referenced in function "void __cdecl arma::blas::gemm<double>(char const *,char const *,int const *,int const *,int const *,double const *,double const *,int const *,double const *,int const *,double const *,double *,int const *)" (??$gemm@N@blas@arma@@YAXPEBD0PEBH11PEBN21212PEAN1@Z)
     1>QMat.obj : error LNK2019: unresolved external symbol dgemm_ referenced in function "void __cdecl arma::blas::gemm<double>(char const *,char const *,int const *,int const *,int const *,double const *,double const *,int const *,double const *,int const *,double const *,double *,int const *)" (??$gemm@N@blas@arma@@YAXPEBD0PEBH11PEBN21212PEAN1@Z)
     1>QMat.obj : error LNK2019: unresolved external symbol cgemm_ referenced in function "void __cdecl arma::blas::gemm<double>(char const *,char const *,int const *,int const *,int const *,double const *,double const *,int const *,double const *,int const *,double const *,double *,int const *)" (??$gemm@N@blas@arma@@YAXPEBD0PEBH11PEBN21212PEAN1@Z)
     1>QMat.obj : error LNK2019: unresolved external symbol zgemm_ referenced in function "void __cdecl arma::blas::gemm<double>(char const *,char const *,int const *,int const *,int const *,double const *,double const *,int const *,double const *,int const *,double const *,double *,int const *)" (??$gemm@N@blas@arma@@YAXPEBD0PEBH11PEBN21212PEAN1@Z)
     1>QMat.obj : error LNK2019: unresolved external symbol sdot_ referenced in function "double __cdecl arma::blas::dot<double>(unsigned int,double const *,double const *)" (??$dot@N@blas@arma@@YANIPEBN0@Z)
     1>QMat.obj : error LNK2019: unresolved external symbol ddot_ referenced in function "double __cdecl arma::blas::dot<double>(unsigned int,double const *,double const *)" (??$dot@N@blas@arma@@YANIPEBN0@Z)
     1>QMat.obj : error LNK2019: unresolved external symbol ssyrk_ referenced in function "void __cdecl arma::blas::syrk<double>(char const *,char const *,int const *,int const *,double const *,double const *,int const *,double const *,double *,int const *)" (??$syrk@N@blas@arma@@YAXPEBD0PEBH1PEBN212PEAN1@Z)
     1>QMat.obj : error LNK2019: unresolved external symbol dsyrk_ referenced in function "void __cdecl arma::blas::syrk<double>(char const *,char const *,int const *,int const *,double const *,double const *,int const *,double const *,double *,int const *)" (??$syrk@N@blas@arma@@YAXPEBD0PEBH1PEBN212PEAN1@Z)
     1>QMat.obj : error LNK2019: unresolved external symbol sgesv_ referenced in function "void __cdecl arma::lapack::gesv<double>(int *,int *,double *,int *,int *,double *,int *,int *)" (??$gesv@N@lapack@arma@@YAXPEAH0PEAN00100@Z)
     1>QMat.obj : error LNK2019: unresolved external symbol dgesv_ referenced in function "void __cdecl arma::lapack::gesv<double>(int *,int *,double *,int *,int *,double *,int *,int *)" (??$gesv@N@lapack@arma@@YAXPEAH0PEAN00100@Z)
     1>QMat.obj : error LNK2019: unresolved external symbol cgesv_ referenced in function "void __cdecl arma::lapack::gesv<double>(int *,int *,double *,int *,int *,double *,int *,int *)" (??$gesv@N@lapack@arma@@YAXPEAH0PEAN00100@Z)
     1>QMat.obj : error LNK2019: unresolved external symbol zgesv_ referenced in function "void __cdecl arma::lapack::gesv<double>(int *,int *,double *,int *,int *,double *,int *,int *)" (??$gesv@N@lapack@arma@@YAXPEAH0PEAN00100@Z)
     1>E:\Data\DMRGCat\VisualProject\DMRGCat\x64\Debug\DMRGCat.exe : fatal error LNK1120: 16 unresolved externals
     1>Done Building Project "E:\Data\DMRGCat\VisualProject\DMRGCat\DMRGCat\DMRGCat.vcxproj" (Build target(s)) -- FAILED.

Build FAILED.

Time Elapsed 00:00:01.11
