Build started 2016/1/28 14:59:00.
     1>Project "E:\Data\DMRGCat\VisualProject\DMRGCat\DMRGCat\DMRGCat.vcxproj" on node 2 (Build target(s)).
     1>ClCompile:
         C:\Program Files (x86)\Intel\Composer XE 2015\bin\Intel64\icl.exe /c /Qvc12 /Qlocation,link,"C:\Program Files (x86)\Microsoft Visual Studio 12.0\VC\bin\amd64" /I"D:\arma\armadillo-6.400.3\armadillo-6.400.3\include" /I"C:\Program Files (x86)\Visual Leak Detector\include" /Zi /nologo /W3 /O2 /Oi /Qipo /Qftz- /D __INTEL_COMPILER=1500 /D _MBCS /EHsc /MD /GS /Gy /Qoffload-option,mic,compiler,"-mkl=parallel" /Zc:wchar_t /Zc:forScope /Qopenmp /Qstd=c++11 /Fo"x64\Release\\" /Fd"x64\Release\vc120.pdb" /TP ..\..\..\src\Block.cpp ..\..\..\src\BlockQBase.cpp ..\..\..\src\Conjugate.cpp ..\..\..\src\DMRG.cpp ..\..\..\src\main.cpp ..\..\..\src\Parameter.cpp ..\..\..\src\QMat.cpp ..\..\..\src\QWave.cpp ..\..\..\src\SuperBlock.cpp ..\..\..\src\U1Q.cpp
         Block.cpp
         BlockQBase.cpp
         Conjugate.cpp
         DMRG.cpp
         main.cpp
         Parameter.cpp
         QMat.cpp
         QWave.cpp
         SuperBlock.cpp
         U1Q.cpp
       Link:
         C:\Program Files (x86)\Intel\Composer XE 2015\bin\Intel64\xilink.exe /OUT:"E:\Data\DMRGCat\VisualProject\DMRGCat\x64\Release\DMRGCat.exe" /NOLOGO /LIBPATH:"C:\Program Files (x86)\Visual Leak Detector\lib\Win64" mkl_intel_lp64_dll.lib mkl_intel_thread_dll.lib mkl_core_dll.lib libiomp5md.lib kernel32.lib user32.lib gdi32.lib winspool.lib comdlg32.lib advapi32.lib shell32.lib ole32.lib oleaut32.lib uuid.lib odbc32.lib odbccp32.lib /MANIFEST /MANIFESTUAC:"level='asInvoker' uiAccess='false'" /DEBUG /PDB:"E:\Data\DMRGCat\VisualProject\DMRGCat\x64\Release\DMRGCat.pdb" /OPT:REF /OPT:ICF /TLBID:1 /DYNAMICBASE /NXCOMPAT /IMPLIB:"E:\Data\DMRGCat\VisualProject\DMRGCat\x64\Release\DMRGCat.lib" /MACHINE:X64 x64\Release\Block.obj
         x64\Release\BlockQBase.obj
         x64\Release\Conjugate.obj
         x64\Release\DMRG.obj
         x64\Release\main.obj
         x64\Release\Parameter.obj
         x64\Release\QMat.obj
         x64\Release\QWave.obj
         x64\Release\SuperBlock.obj
         x64\Release\U1Q.obj
         xilink: executing 'link'
         DMRGCat.vcxproj -> E:\Data\DMRGCat\VisualProject\DMRGCat\x64\Release\DMRGCat.exe
     1>Done Building Project "E:\Data\DMRGCat\VisualProject\DMRGCat\DMRGCat\DMRGCat.vcxproj" (Build target(s)).

Build succeeded.

Time Elapsed 00:00:27.68
