c:\users\administrator\appdata\local\temp\irmagent.log
c:\users\administrator\appdata\locallow\microsoft\cryptneturlcache\metadata\9ec3b71635f8ba3fc68de181a104a0ef_10cfc0d4c45d2e76b7ea49c8c22bedfe
c:\users\administrator\appdata\locallow\microsoft\cryptneturlcache\content\9ec3b71635f8ba3fc68de181a104a0ef_10cfc0d4c45d2e76b7ea49c8c22bedfe
e:\data\dmrgcat1\visualproject\dmrgcat\dmrgcat\x64\release\block.obj
e:\data\dmrgcat1\visualproject\dmrgcat\dmrgcat\x64\release\blockqbase.obj
e:\data\dmrgcat1\visualproject\dmrgcat\dmrgcat\x64\release\conjugate.obj
e:\data\dmrgcat1\visualproject\dmrgcat\dmrgcat\x64\release\dmrg.obj
e:\data\dmrgcat1\visualproject\dmrgcat\dmrgcat\x64\release\main.obj
e:\data\dmrgcat1\visualproject\dmrgcat\dmrgcat\x64\release\parameter.obj
e:\data\dmrgcat1\visualproject\dmrgcat\dmrgcat\x64\release\qmat.obj
e:\data\dmrgcat1\visualproject\dmrgcat\dmrgcat\x64\release\qwave.obj
e:\data\dmrgcat1\visualproject\dmrgcat\dmrgcat\x64\release\superblock.obj
e:\data\dmrgcat1\visualproject\dmrgcat\dmrgcat\x64\release\u1q.obj
e:\data\dmrgcat1\visualproject\dmrgcat\x64\release\dmrgcat.exe
e:\data\dmrgcat1\visualproject\dmrgcat\x64\release\dmrgcat.exe.manifest
e:\data\dmrgcat1\visualproject\dmrgcat\x64\release\dmrgcat.pdb
e:\data\dmrgcat\visualproject\dmrgcat\x64\release\dmrgcat.exe
e:\data\dmrgcat\visualproject\dmrgcat\x64\release\dmrgcat.exe.manifest
e:\data\dmrgcat\visualproject\dmrgcat\x64\release\dmrgcat.pdb
e:\data\dmrgcat\visualproject\dmrgcat\dmrgcat\x64\release\block.obj
e:\data\dmrgcat\visualproject\dmrgcat\dmrgcat\x64\release\blockqbase.obj
e:\data\dmrgcat\visualproject\dmrgcat\dmrgcat\x64\release\conjugate.obj
e:\data\dmrgcat\visualproject\dmrgcat\dmrgcat\x64\release\dmrg.obj
e:\data\dmrgcat\visualproject\dmrgcat\dmrgcat\x64\release\main.obj
e:\data\dmrgcat\visualproject\dmrgcat\dmrgcat\x64\release\parameter.obj
e:\data\dmrgcat\visualproject\dmrgcat\dmrgcat\x64\release\qmat.obj
e:\data\dmrgcat\visualproject\dmrgcat\dmrgcat\x64\release\qwave.obj
e:\data\dmrgcat\visualproject\dmrgcat\dmrgcat\x64\release\superblock.obj
e:\data\dmrgcat\visualproject\dmrgcat\dmrgcat\x64\release\u1q.obj
e:\data\dmrgcat\visualproject\dmrgcat\dmrgcat\x64\release\dmrgcat.tlog\icl-intelremotemonserver-intelremotemonagent-intelremotemonagent2.read.1.tlog
e:\data\dmrgcat\visualproject\dmrgcat\dmrgcat\x64\release\dmrgcat.tlog\icl-intelremotemonserver-intelremotemonagent-intelremotemonagent2.read.7.tlog
e:\data\dmrgcat\visualproject\dmrgcat\dmrgcat\x64\release\dmrgcat.tlog\icl-intelremotemonserver-intelremotemonagent-intelremotemonagent2.write.1.tlog
e:\data\dmrgcat\visualproject\dmrgcat\dmrgcat\x64\release\dmrgcat.tlog\icl-intelremotemonserver-intelremotemonagent-intelremotemonagent2.write.7.tlog
e:\data\dmrgcat\visualproject\dmrgcat\dmrgcat\x64\release\dmrgcat.tlog\icl-intelremotemonserver-intelremotemonagent.read.1.tlog
e:\data\dmrgcat\visualproject\dmrgcat\dmrgcat\x64\release\dmrgcat.tlog\icl-intelremotemonserver-intelremotemonagent.read.2.tlog
e:\data\dmrgcat\visualproject\dmrgcat\dmrgcat\x64\release\dmrgcat.tlog\icl-intelremotemonserver-intelremotemonagent.write.2.tlog
e:\data\dmrgcat\visualproject\dmrgcat\dmrgcat\x64\release\dmrgcat.tlog\icl-intelremotemonserver.read.1.tlog
e:\data\dmrgcat\visualproject\dmrgcat\dmrgcat\x64\release\dmrgcat.tlog\icl-intelremotemonserver.read.10.tlog
e:\data\dmrgcat\visualproject\dmrgcat\dmrgcat\x64\release\dmrgcat.tlog\icl-intelremotemonserver.read.13.tlog
e:\data\dmrgcat\visualproject\dmrgcat\dmrgcat\x64\release\dmrgcat.tlog\icl-intelremotemonserver.read.16.tlog
e:\data\dmrgcat\visualproject\dmrgcat\dmrgcat\x64\release\dmrgcat.tlog\icl-intelremotemonserver.read.17.tlog
e:\data\dmrgcat\visualproject\dmrgcat\dmrgcat\x64\release\dmrgcat.tlog\icl-intelremotemonserver.read.2.tlog
e:\data\dmrgcat\visualproject\dmrgcat\dmrgcat\x64\release\dmrgcat.tlog\icl-intelremotemonserver.read.22.tlog
e:\data\dmrgcat\visualproject\dmrgcat\dmrgcat\x64\release\dmrgcat.tlog\icl-intelremotemonserver.read.29.tlog
e:\data\dmrgcat\visualproject\dmrgcat\dmrgcat\x64\release\dmrgcat.tlog\icl-intelremotemonserver.read.34.tlog
e:\data\dmrgcat\visualproject\dmrgcat\dmrgcat\x64\release\dmrgcat.tlog\icl-intelremotemonserver.read.4.tlog
e:\data\dmrgcat\visualproject\dmrgcat\dmrgcat\x64\release\dmrgcat.tlog\icl-intelremotemonserver.read.6.tlog
e:\data\dmrgcat\visualproject\dmrgcat\dmrgcat\x64\release\dmrgcat.tlog\icl-intelremotemonserver.read.9.tlog
e:\data\dmrgcat\visualproject\dmrgcat\dmrgcat\x64\release\dmrgcat.tlog\icl-intelremotemonserver.write.10.tlog
e:\data\dmrgcat\visualproject\dmrgcat\dmrgcat\x64\release\dmrgcat.tlog\icl-intelremotemonserver.write.13.tlog
e:\data\dmrgcat\visualproject\dmrgcat\dmrgcat\x64\release\dmrgcat.tlog\icl-intelremotemonserver.write.16.tlog
e:\data\dmrgcat\visualproject\dmrgcat\dmrgcat\x64\release\dmrgcat.tlog\icl-intelremotemonserver.write.17.tlog
e:\data\dmrgcat\visualproject\dmrgcat\dmrgcat\x64\release\dmrgcat.tlog\icl-intelremotemonserver.write.2.tlog
e:\data\dmrgcat\visualproject\dmrgcat\dmrgcat\x64\release\dmrgcat.tlog\icl-intelremotemonserver.write.22.tlog
e:\data\dmrgcat\visualproject\dmrgcat\dmrgcat\x64\release\dmrgcat.tlog\icl-intelremotemonserver.write.29.tlog
e:\data\dmrgcat\visualproject\dmrgcat\dmrgcat\x64\release\dmrgcat.tlog\icl-intelremotemonserver.write.34.tlog
e:\data\dmrgcat\visualproject\dmrgcat\dmrgcat\x64\release\dmrgcat.tlog\icl-intelremotemonserver.write.4.tlog
e:\data\dmrgcat\visualproject\dmrgcat\dmrgcat\x64\release\dmrgcat.tlog\icl-intelremotemonserver.write.6.tlog
e:\data\dmrgcat\visualproject\dmrgcat\dmrgcat\x64\release\dmrgcat.tlog\icl-intelremotemonserver.write.9.tlog
e:\data\dmrgcat\visualproject\dmrgcat\dmrgcat\x64\release\dmrgcat.tlog\icl-mcpcom.read.1.tlog
e:\data\dmrgcat\visualproject\dmrgcat\dmrgcat\x64\release\dmrgcat.tlog\icl-mcpcom.write.1.tlog
e:\data\dmrgcat\visualproject\dmrgcat\dmrgcat\x64\release\dmrgcat.tlog\icl.command.1.tlog
e:\data\dmrgcat\visualproject\dmrgcat\dmrgcat\x64\release\dmrgcat.tlog\icl.read.1.tlog
e:\data\dmrgcat\visualproject\dmrgcat\dmrgcat\x64\release\dmrgcat.tlog\icl.write.1.tlog
e:\data\dmrgcat\visualproject\dmrgcat\dmrgcat\x64\release\dmrgcat.tlog\xilink-link.read.1.tlog
e:\data\dmrgcat\visualproject\dmrgcat\dmrgcat\x64\release\dmrgcat.tlog\xilink-link.write.1.tlog
e:\data\dmrgcat\visualproject\dmrgcat\dmrgcat\x64\release\dmrgcat.tlog\xilink-mcpcom.read.1.tlog
e:\data\dmrgcat\visualproject\dmrgcat\dmrgcat\x64\release\dmrgcat.tlog\xilink-mcpcom.write.1.tlog
e:\data\dmrgcat\visualproject\dmrgcat\dmrgcat\x64\release\dmrgcat.tlog\xilink.command.1.tlog
e:\data\dmrgcat\visualproject\dmrgcat\dmrgcat\x64\release\dmrgcat.tlog\xilink.read.1.tlog
e:\data\dmrgcat\visualproject\dmrgcat\dmrgcat\x64\release\dmrgcat.tlog\xilink.write.1.tlog
